\BOOKMARK [1][-]{section.1}{\376\377\000T\000e\000o\000r\000i\000a\000\040\000d\000e\000g\000l\000i\000\040\000a\000n\000e\000l\000l\000i\000\040\000c\000o\000m\000m\000u\000t\000a\000t\000i\000v\000i\000\040\000e\000\040\000d\000e\000i\000\040\000c\000a\000m\000p\000i}{}% 1
\BOOKMARK [2][-]{subsection.1.1}{\376\377\000I\000n\000s\000i\000e\000m\000i}{section.1}% 2
\BOOKMARK [3][-]{subsubsection.1.1.1}{\376\377\000O\000p\000e\000r\000a\000z\000i\000o\000n\000i\000\040\000t\000r\000a\000\040\000i\000n\000s\000i\000e\000m\000i}{subsection.1.1}% 3
\BOOKMARK [2][-]{subsection.1.2}{\376\377\000F\000u\000n\000z\000i\000o\000n\000i}{section.1}% 4
\BOOKMARK [3][-]{subsubsection.1.2.1}{\376\377\000C\000o\000m\000p\000o\000s\000i\000z\000i\000o\000n\000e\000\040\000d\000i\000\040\000f\000u\000n\000z\000i\000o\000n\000i}{subsection.1.2}% 5
\BOOKMARK [3][-]{subsubsection.1.2.2}{\376\377\000O\000p\000e\000r\000a\000z\000i\000o\000n\000i\000\040\000s\000u\000\040\000i\000n\000s\000i\000e\000m\000i}{subsection.1.2}% 6
\BOOKMARK [2][-]{subsection.1.3}{\376\377\000M\000o\000n\000o\000i\000d\000i\000\040\000e\000\040\000G\000r\000u\000p\000p\000i}{section.1}% 7
\BOOKMARK [2][-]{subsection.1.4}{\376\377\000M\000o\000r\000f\000i\000s\000m\000i}{section.1}% 8
\BOOKMARK [2][-]{subsection.1.5}{\376\377\000R\000e\000l\000a\000z\000i\000o\000n\000i}{section.1}% 9
\BOOKMARK [2][-]{subsection.1.6}{\376\377\000I\000n\000s\000i\000e\000m\000e\000\040\000q\000u\000o\000z\000i\000e\000n\000t\000e\000\040\000p\000e\000r\000\040\000g\000r\000u\000p\000p\000i\000\040\000a\000b\000e\000l\000i\000a\000n\000i}{section.1}% 10
\BOOKMARK [2][-]{subsection.1.7}{\376\377\000A\000n\000e\000l\000l\000i}{section.1}% 11
\BOOKMARK [2][-]{subsection.1.8}{\376\377\000I\000d\000e\000a\000l\000i}{section.1}% 12
\BOOKMARK [2][-]{subsection.1.9}{\376\377\000A\000n\000e\000l\000l\000i\000\040\000q\000u\000o\000z\000i\000e\000n\000t\000e}{section.1}% 13
\BOOKMARK [2][-]{subsection.1.10}{\376\377\000A\000l\000g\000o\000r\000i\000t\000m\000o\000\040\000d\000i\000\040\000E\000u\000c\000l\000i\000d\000e\000\040\000e\000\040\000i\000d\000e\000n\000t\000i\000t\000\340\000\040\000d\000i\000\040\000B\000\351\000z\000o\000u\000t\000\040\000s\000u\000\040\000Z}{section.1}% 14
\BOOKMARK [2][-]{subsection.1.11}{\376\377\000E\000q\000u\000a\000z\000i\000o\000n\000i\000\040\000d\000i\000o\000f\000a\000n\000t\000e\000e\000\040\000l\000i\000n\000e\000a\000r\000i}{section.1}% 15
\BOOKMARK [2][-]{subsection.1.12}{\376\377\000M\000o\000r\000f\000i\000s\000m\000i\000\040\000d\000i\000\040\000a\000n\000e\000l\000l\000i}{section.1}% 16
\BOOKMARK [2][-]{subsection.1.13}{\376\377\000C\000a\000r\000a\000t\000t\000e\000r\000i\000s\000t\000i\000c\000a\000\040\000d\000i\000\040\000u\000n\000\040\000a\000n\000e\000l\000l\000o}{section.1}% 17
\BOOKMARK [2][-]{subsection.1.14}{\376\377\000A\000n\000e\000l\000l\000o\000\040\000d\000e\000i\000\040\000p\000o\000l\000i\000n\000o\000m\000i\000\040\000i\000n\000\040\000u\000n\000a\000\040\000i\000n\000d\000e\000t\000e\000r\000m\000i\000n\000a\000t\000a\000\040\000a\000\040\000c\000o\000e\000f\000f\000i\000c\000i\000e\000n\000t\000i\000\040\000i\000n\000\040\000u\000n\000\040\000c\000a\000m\000p\000o}{section.1}% 18
\BOOKMARK [2][-]{subsection.1.15}{\376\377\000C\000a\000r\000a\000t\000t\000e\000r\000i\000s\000t\000i\000c\000a\000\040\000d\000i\000\040\000u\000n\000\040\000a\000n\000e\000l\000l\000o}{section.1}% 19
\BOOKMARK [2][-]{subsection.1.16}{\376\377\000A\000n\000e\000l\000l\000o\000\040\000d\000e\000i\000\040\000p\000o\000l\000i\000n\000o\000m\000i\000\040\000i\000n\000\040\000u\000n\000a\000\040\000i\000n\000d\000e\000t\000e\000r\000m\000i\000n\000a\000t\000a\000\040\000a\000\040\000c\000o\000e\000f\000f\000i\000c\000i\000e\000n\000t\000i\000\040\000i\000n\000\040\000u\000n\000\040\000c\000a\000m\000p\000o}{section.1}% 20
\BOOKMARK [2][-]{subsection.1.17}{\376\377\000A\000l\000g\000o\000r\000i\000t\000m\000o\000\040\000d\000i\000\040\000B\000e\000r\000l\000e\000k\000a\000m\000p}{section.1}% 21
\BOOKMARK [1][-]{section.2}{\376\377\000T\000e\000n\000s\000o\000r\000i}{}% 22
\BOOKMARK [2][-]{subsection.2.1}{\376\377\000P\000r\000o\000d\000o\000t\000t\000o\000\040\000t\000r\000a\000\040\000m\000a\000t\000r\000i\000c\000i}{section.2}% 23
\BOOKMARK [3][-]{subsubsection.2.1.1}{\376\377\000A\000n\000e\000l\000l\000o\000\040\000d\000e\000g\000l\000i\000\040\000e\000n\000d\000o\000m\000o\000r\000f\000i\000s\000m\000i}{subsection.2.1}% 24
\BOOKMARK [2][-]{subsection.2.2}{\376\377\000S\000p\000a\000z\000i\000o\000\040\000d\000u\000a\000l\000e\000\040\000d\000i\000\040\000u\000n\000o\000\040\000s\000p\000a\000z\000i\000o\000\040\000v\000e\000t\000t\000o\000r\000i\000a\000l\000e}{section.2}% 25
\BOOKMARK [2][-]{subsection.2.3}{\376\377\000F\000o\000r\000m\000e\000\040\000b\000i\000l\000i\000n\000e\000a\000r\000i\000\040\000e\000\040\000p\000r\000o\000d\000o\000t\000t\000o\000\040\000t\000e\000n\000s\000o\000r\000i\000a\000l\000e}{section.2}% 26
\BOOKMARK [3][-]{subsubsection.2.3.1}{\376\377\000P\000r\000o\000d\000o\000t\000t\000o\000\040\000t\000e\000n\000s\000o\000r\000i\000a\000l\000e\000\040\000d\000i\000\040\000s\000p\000a\000z\000i\000\040\000v\000e\000t\000t\000o\000r\000i\000a\000l\000i}{subsection.2.3}% 27
\BOOKMARK [2][-]{subsection.2.4}{\376\377\000R\000a\000n\000g\000o\000\040\000d\000i\000\040\000u\000n\000a\000\040\000m\000a\000t\000r\000i\000c\000e}{section.2}% 28
\BOOKMARK [3][-]{subsubsection.2.4.1}{\376\377\000R\000a\000n\000g\000o\000\040\000d\000i\000\040\000u\000n\000\040\000t\000e\000n\000s\000o\000r\000e}{subsection.2.4}% 29
\BOOKMARK [2][-]{subsection.2.5}{\376\377\000e\000n\000d\000o\000m\000o\000r\000f\000i\000s\000m\000i\000\040\000d\000i\000\040\000V\000\040\000c\000o\000m\000e\000\040\000e\000l\000e\000m\000e\000n\000t\000i\000\040\000d\000i\000\040\000V\000*\000\040\000V}{section.2}% 30
\BOOKMARK [1][-]{section.3}{\376\377\000L\000o\000g\000i\000c\000a\000\040\000p\000r\000o\000p\000o\000s\000i\000z\000i\000o\000n\000a\000l\000e}{}% 31
\BOOKMARK [2][-]{subsection.3.1}{\376\377\000s\000i\000n\000t\000a\000s\000s\000i}{section.3}% 32
\BOOKMARK [2][-]{subsection.3.2}{\376\377\000S\000e\000m\000a\000n\000t\000i\000c\000a}{section.3}% 33
\BOOKMARK [1][-]{section.4}{\376\377\000L\000o\000g\000i\000c\000a\000\040\000M\000o\000d\000a\000l\000e}{}% 34
\BOOKMARK [2][-]{subsection.4.1}{\376\377\000s\000i\000n\000t\000a\000s\000s\000i}{section.4}% 35
\BOOKMARK [2][-]{subsection.4.2}{\376\377\000S\000e\000m\000a\000n\000t\000i\000c\000a\000\040\000d\000e\000i\000\040\000m\000o\000n\000d\000i\000\040\000p\000o\000s\000s\000i\000b\000i\000l\000i\000\040\000\050\000s\000e\000m\000a\000n\000t\000i\000c\000a\000\040\000d\000i\000\040\000K\000r\000i\000p\000k\000e\000\051}{section.4}% 36
\BOOKMARK [2][-]{subsection.4.3}{\376\377\000c\000o\000r\000r\000i\000s\000p\000o\000n\000d\000e\000n\000z\000a\000\040\000e\000\040\000n\000o\000n\000\040\000e\000s\000p\000r\000i\000m\000i\000b\000i\000l\000i\000t\000\340}{section.4}% 37
\BOOKMARK [2][-]{subsection.4.4}{\376\377\000M\000o\000r\000f\000i\000s\000m\000i\000\040\000d\000i\000\040\000m\000o\000d\000e\000l\000l\000i}{section.4}% 38
\BOOKMARK [2][-]{subsection.4.5}{\376\377\000L\000o\000g\000i\000c\000h\000e\000\040\000m\000o\000d\000a\000l\000i\000\040\000n\000o\000r\000m\000a\000l\000i}{section.4}% 39
\BOOKMARK [2][-]{subsection.4.6}{\376\377\000L\000o\000g\000i\000c\000h\000e\000\040\000m\000u\000l\000t\000i\000m\000o\000d\000a\000l\000i\000\040\000e\000\040\000c\000o\000n\000n\000e\000t\000t\000i\000v\000i\000\040\000m\000o\000d\000a\000l\000i\000\040\000n\000-\000a\000r\000i}{section.4}% 40
\BOOKMARK [3][-]{subsubsection.4.6.1}{\376\377\000l\000o\000g\000i\000c\000h\000e\000\040\000t\000e\000m\000p\000o\000r\000a\000l\000i\000\040\000L\000T\000L\000\040\000\050\000l\000i\000n\000e\000a\000r\000-\000t\000i\000m\000e\000\040\000t\000e\000m\000p\000o\000r\000a\000l\000\040\000l\000o\000g\000i\000c\000\051}{subsection.4.6}% 41
\BOOKMARK [3][-]{subsubsection.4.6.2}{\376\377\000l\000o\000g\000i\000c\000h\000e\000\040\000t\000e\000m\000p\000o\000r\000a\000l\000i\000\040\000C\000T\000L\000\040\000\050\000C\000o\000m\000p\000u\000t\000a\000t\000i\000o\000n\000\040\000T\000r\000e\000e\000\040\000L\000o\000g\000i\000c\000\051}{subsection.4.6}% 42
\BOOKMARK [3][-]{subsubsection.4.6.3}{\376\377\000l\000o\000g\000i\000c\000h\000e\000\040\000C\000T\000L\000*}{subsection.4.6}% 43
\BOOKMARK [2][-]{subsection.4.7}{\376\377\000M\000o\000d\000e\000l\000\040\000c\000h\000e\000c\000k\000i\000n\000g}{section.4}% 44
